CACI COMNET III  Release 1.3 (Build 1220)  Sun Oct 27 18:51:56 2024   PAGE     1

                                    projekt                                     

                           LINKS: CHANNEL UTILIZATION                           

                     REPLICATION 1 FROM 0.0 TO 5.0 SECONDS                      

                             FRAMES           TRANSMISSION DELAY (MS)       %
LINK                   DELIVERED RST/ERR  AVERAGE    STD DEV    MAXIMUM   UTIL
_____________________  _________ ______  _________  _________  _________  _____

CSMA/CA link               10840      0     45.465     67.221    317.135  21.29


CACI COMNET III  Release 1.3 (Build 1220)  Sun Oct 27 18:51:56 2024   PAGE     2

                                    projekt                                     

                             LINKS: COLLISION STATS                             

                     REPLICATION 1 FROM 0.0 TO 5.0 SECONDS                      


LINK NAME                  CSMA/CA  
                             link   
                                    

ACCESS PROTOCOL              CSMA/CA

COLLISION EPISODES             11849

COLLIDED FRAMES                30675

NBR OF TRIES TO RESOLVE
  AVERAGE                       3.54
  STANDARD DEVIATION            2.21
  MAXIMUM                          7

NBR OF DEFERRALS               10870

DEFERRAL DELAY  (MS)
  AVERAGE                       1.27
  STANDARD DEVIATION            0.82
  MAXIMUM                       5.08

DEFERRAL QUEUE SIZE  (FRAMES)
  AVERAGE                       2.77
  STANDARD DEVIATION            1.83
  MAXIMUM                         49

MULTIPLE COLLISION EPISODES
  NBR EPISODES                  4888
  AVG PER EPISODE               3.43
  MAX PER EPISODE                 11



CACI COMNET III  Release 1.3 (Build 1220)  Sun Oct 27 18:51:56 2024   PAGE     3

                                    projekt                                     

                 MESSAGE + RESPONSE SOURCES: MESSAGE DELIVERED                  

                     REPLICATION 1 FROM 0.0 TO 5.0 SECONDS                      

ORIGIN / MSG SRC NAME:  MESSAGES          MESSAGE DELAY (MILLISECONDS)
  DESTINATION LIST      ASSEMBLED      AVERAGE       STD DEV       MAXIMUM
______________________  _________   ____________  ____________  ____________

Computer group / src Message Source:
  Computer group             9642       2239.793      1309.557      4574.991
